

====================================================================================================
    STARTING A GRID SEARCH...
====================================================================================================




+-------------------------------------------------------------------------------------+
  Testing for:
  lr=0.0001, batch=16, epochs=10, transform: False, optimizer: AdamW
+-------------------------------------------------------------------------------------+


Epoch 1
-------------------------
 * train-loss: 0.5246
 * val-loss: 0.3117


Epoch 2
-------------------------
 * train-loss: 0.1917
 * val-loss: 0.3167


Epoch 3
-------------------------
 * train-loss: 0.1346
 * val-loss: 0.3898


Epoch 4
-------------------------
 * train-loss: 0.0932
 * val-loss: 0.368


Epoch 5
-------------------------
 * train-loss: 0.07356
 * val-loss: 0.3676


Epoch 6
-------------------------
 * train-loss: 0.06263
 * val-loss: 0.4772


Epoch 7
-------------------------
 * train-loss: 0.05813
 * val-loss: 0.544


Epoch 8
-------------------------
 * train-loss: 0.06712
 * val-loss: 0.347


Epoch 9
-------------------------
 * train-loss: 0.02992
 * val-loss: 0.4619


Epoch 10
-------------------------
 * train-loss: 0.03938
 * val-loss: 0.4473



-------------------------

Finished training after 1682.09 seconds

Plots saved

NEW BEST MODEL FOUND WITH MAP SCORE: 0.8555


+-------------------------------------------------------------------------------------+
  Testing for:
  lr=0.0001, batch=16, epochs=10, transform: True, optimizer: AdamW
+-------------------------------------------------------------------------------------+


Epoch 1
-------------------------
 * train-loss: 0.6287
 * val-loss: 0.4692


Epoch 2
-------------------------
 * train-loss: 0.3057
 * val-loss: 0.359


Epoch 3
-------------------------
 * train-loss: 0.2485
 * val-loss: 0.37


Epoch 4
-------------------------
 * train-loss: 0.2191
 * val-loss: 0.3353


Epoch 5
-------------------------
 * train-loss: 0.1895
 * val-loss: 0.3388


Epoch 6
-------------------------
 * train-loss: 0.1753
 * val-loss: 0.378


Epoch 7
-------------------------
 * train-loss: 0.1594
 * val-loss: 0.3643


Epoch 8
-------------------------
 * train-loss: 0.1501
 * val-loss: 0.3424


Epoch 9
-------------------------
 * train-loss: 0.156
 * val-loss: 0.3738


Epoch 10
-------------------------
 * train-loss: 0.128
 * val-loss: 0.3498



-------------------------

Finished training after 1698.71 seconds

Plots saved

NEW BEST MODEL FOUND WITH MAP SCORE: 0.8687


+-------------------------------------------------------------------------------------+
  Testing for:
  lr=0.0001, batch=16, epochs=10, transform: False, optimizer: SGD
+-------------------------------------------------------------------------------------+


Epoch 1
-------------------------
 * train-loss: 4.935
 * val-loss: 1.683


Epoch 2
-------------------------
 * train-loss: 1.132
 * val-loss: 0.7268


Epoch 3
-------------------------
 * train-loss: 0.6763
 * val-loss: 0.552


Epoch 4
-------------------------
 * train-loss: 0.5401
 * val-loss: 0.4533


Epoch 5
-------------------------
 * train-loss: 0.4715
 * val-loss: 0.4258


Epoch 6
-------------------------
 * train-loss: 0.4322
 * val-loss: 0.3826


Epoch 7
-------------------------
 * train-loss: 0.3941
 * val-loss: 0.3723


Epoch 8
-------------------------
 * train-loss: 0.3815
 * val-loss: 0.3566


Epoch 9
-------------------------
 * train-loss: 0.3658
 * val-loss: 0.3436


Epoch 10
-------------------------
 * train-loss: 0.3507
 * val-loss: 0.3401



-------------------------

Finished training after 1686.18 seconds

Plots saved


+-------------------------------------------------------------------------------------+
  Testing for:
  lr=0.0001, batch=16, epochs=10, transform: True, optimizer: SGD
+-------------------------------------------------------------------------------------+


Epoch 1
-------------------------
 * train-loss: 5.269
 * val-loss: 2.062


Epoch 2
-------------------------
 * train-loss: 1.343
 * val-loss: 0.8542


Epoch 3
-------------------------
 * train-loss: 0.8067
 * val-loss: 0.6417


Epoch 4
-------------------------
 * train-loss: 0.6529
 * val-loss: 0.5672


Epoch 5
-------------------------
 * train-loss: 0.5791
 * val-loss: 0.5083


Epoch 6
-------------------------
 * train-loss: 0.5425
 * val-loss: 0.4854


Epoch 7
-------------------------
 * train-loss: 0.5082
 * val-loss: 0.4686


Epoch 8
-------------------------
 * train-loss: 0.4758
 * val-loss: 0.4352


Epoch 9
-------------------------
 * train-loss: 0.4465
 * val-loss: 0.4259


Epoch 10
-------------------------
 * train-loss: 0.4337
 * val-loss: 0.4053



-------------------------

Finished training after 1744.53 seconds

Plots saved
+-------------------------------------------------------------------------------------+

 SCRIPT FINISHED IN 115.71 minutes

====================================================================================================


Saving best model to 'models/ResNet18_epoch_10_vloss_0.3498.pt'
